{"/Users/sanket/projects/personal/job-hunt/src/app.js": {"path":"/Users/sanket/projects/personal/job-hunt/src/app.js","statementMap":{"0":{"start":{"line":1,"column":16},"end":{"line":1,"column":34}},"1":{"start":{"line":2,"column":13},"end":{"line":2,"column":28}},"2":{"start":{"line":3,"column":21},"end":{"line":3,"column":53}},"3":{"start":{"line":5,"column":12},"end":{"line":5,"column":21}},"4":{"start":{"line":7,"column":0},"end":{"line":11,"column":5}},"5":{"start":{"line":8,"column":4},"end":{"line":8,"column":51}},"6":{"start":{"line":9,"column":4},"end":{"line":9,"column":63}},"7":{"start":{"line":10,"column":4},"end":{"line":10,"column":11}},"8":{"start":{"line":15,"column":0},"end":{"line":15,"column":59}},"9":{"start":{"line":18,"column":0},"end":{"line":18,"column":24}},"10":{"start":{"line":19,"column":0},"end":{"line":19,"column":30}},"11":{"start":{"line":21,"column":0},"end":{"line":21,"column":21}}},"fnMap":{"0":{"name":"(anonymous_0)","decl":{"start":{"line":7,"column":8},"end":{"line":7,"column":9}},"loc":{"start":{"line":7,"column":28},"end":{"line":11,"column":3}},"line":7}},"branchMap":{},"s":{"0":1,"1":1,"2":1,"3":1,"4":1,"5":1,"6":1,"7":1,"8":1,"9":1,"10":1,"11":1},"f":{"0":1},"b":{},"_coverageSchema":"1a1c01bbd47fc00a2c39e90264f33305004495a9","hash":"a07d2eb3e50b2221767bdb8488ac325821e664d2"}
,"/Users/sanket/projects/personal/job-hunt/src/controllers/uploadController.js": {"path":"/Users/sanket/projects/personal/job-hunt/src/controllers/uploadController.js","statementMap":{"0":{"start":{"line":1,"column":19},"end":{"line":1,"column":51}},"1":{"start":{"line":2,"column":18},"end":{"line":2,"column":50}},"2":{"start":{"line":4,"column":21},"end":{"line":29,"column":1}},"3":{"start":{"line":5,"column":2},"end":{"line":28,"column":3}},"4":{"start":{"line":6,"column":4},"end":{"line":8,"column":5}},"5":{"start":{"line":7,"column":6},"end":{"line":7,"column":65}},"6":{"start":{"line":11,"column":26},"end":{"line":11,"column":64}},"7":{"start":{"line":14,"column":19},"end":{"line":14,"column":45}},"8":{"start":{"line":17,"column":24},"end":{"line":17,"column":60}},"9":{"start":{"line":19,"column":4},"end":{"line":23,"column":7}},"10":{"start":{"line":26,"column":4},"end":{"line":26,"column":47}},"11":{"start":{"line":27,"column":4},"end":{"line":27,"column":61}},"12":{"start":{"line":31,"column":0},"end":{"line":31,"column":34}}},"fnMap":{"0":{"name":"(anonymous_0)","decl":{"start":{"line":4,"column":21},"end":{"line":4,"column":22}},"loc":{"start":{"line":4,"column":41},"end":{"line":29,"column":1}},"line":4}},"branchMap":{"0":{"loc":{"start":{"line":6,"column":4},"end":{"line":8,"column":5}},"type":"if","locations":[{"start":{"line":6,"column":4},"end":{"line":8,"column":5}},{"start":{},"end":{}}],"line":6},"1":{"loc":{"start":{"line":14,"column":19},"end":{"line":14,"column":45}},"type":"binary-expr","locations":[{"start":{"line":14,"column":19},"end":{"line":14,"column":39}},{"start":{"line":14,"column":43},"end":{"line":14,"column":45}}],"line":14}},"s":{"0":1,"1":1,"2":1,"3":0,"4":0,"5":0,"6":0,"7":0,"8":0,"9":0,"10":0,"11":0,"12":1},"f":{"0":0},"b":{"0":[0,0],"1":[0,0]},"_coverageSchema":"1a1c01bbd47fc00a2c39e90264f33305004495a9","hash":"9752836cdfe8013e5ebc5b3d3957fea845a98318"}
,"/Users/sanket/projects/personal/job-hunt/src/routes/uploadRoutes.js": {"path":"/Users/sanket/projects/personal/job-hunt/src/routes/uploadRoutes.js","statementMap":{"0":{"start":{"line":1,"column":16},"end":{"line":1,"column":34}},"1":{"start":{"line":2,"column":25},"end":{"line":2,"column":67}},"2":{"start":{"line":3,"column":15},"end":{"line":3,"column":32}},"3":{"start":{"line":6,"column":15},"end":{"line":6,"column":31}},"4":{"start":{"line":9,"column":16},"end":{"line":9,"column":38}},"5":{"start":{"line":10,"column":15},"end":{"line":10,"column":42}},"6":{"start":{"line":13,"column":0},"end":{"line":13,"column":62}},"7":{"start":{"line":15,"column":0},"end":{"line":15,"column":24}}},"fnMap":{},"branchMap":{},"s":{"0":1,"1":1,"2":1,"3":1,"4":1,"5":1,"6":1,"7":1},"f":{},"b":{},"_coverageSchema":"1a1c01bbd47fc00a2c39e90264f33305004495a9","hash":"a3cd0b00039f98255fc0e1f68da2c47cd01a7b3c"}
,"/Users/sanket/projects/personal/job-hunt/src/services/jobScrape.js": {"path":"/Users/sanket/projects/personal/job-hunt/src/services/jobScrape.js","statementMap":{"0":{"start":{"line":1,"column":19},"end":{"line":1,"column":44}},"1":{"start":{"line":5,"column":18},"end":{"line":7,"column":4}},"2":{"start":{"line":8,"column":15},"end":{"line":8,"column":38}},"3":{"start":{"line":11,"column":26},"end":{"line":11,"column":42}},"4":{"start":{"line":13,"column":23},"end":{"line":13,"column":92}},"5":{"start":{"line":14,"column":2},"end":{"line":14,"column":28}},"6":{"start":{"line":17,"column":2},"end":{"line":17,"column":62}},"7":{"start":{"line":21,"column":15},"end":{"line":33,"column":4}},"8":{"start":{"line":22,"column":18},"end":{"line":22,"column":20}},"9":{"start":{"line":23,"column":24},"end":{"line":23,"column":63}},"10":{"start":{"line":25,"column":4},"end":{"line":31,"column":7}},"11":{"start":{"line":26,"column":20},"end":{"line":26,"column":92}},"12":{"start":{"line":27,"column":28},"end":{"line":27,"column":103}},"13":{"start":{"line":28,"column":29},"end":{"line":28,"column":103}},"14":{"start":{"line":29,"column":25},"end":{"line":29,"column":62}},"15":{"start":{"line":30,"column":6},"end":{"line":30,"column":54}},"16":{"start":{"line":32,"column":4},"end":{"line":32,"column":19}},"17":{"start":{"line":35,"column":2},"end":{"line":35,"column":24}},"18":{"start":{"line":36,"column":2},"end":{"line":36,"column":20}},"19":{"start":{"line":37,"column":2},"end":{"line":37,"column":14}},"20":{"start":{"line":41,"column":0},"end":{"line":41,"column":28}}},"fnMap":{"0":{"name":"scrapeJobs","decl":{"start":{"line":3,"column":15},"end":{"line":3,"column":25}},"loc":{"start":{"line":3,"column":34},"end":{"line":38,"column":1}},"line":3},"1":{"name":"(anonymous_1)","decl":{"start":{"line":21,"column":35},"end":{"line":21,"column":36}},"loc":{"start":{"line":21,"column":41},"end":{"line":33,"column":3}},"line":21},"2":{"name":"(anonymous_2)","decl":{"start":{"line":25,"column":24},"end":{"line":25,"column":25}},"loc":{"start":{"line":25,"column":31},"end":{"line":31,"column":5}},"line":25}},"branchMap":{"0":{"loc":{"start":{"line":26,"column":20},"end":{"line":26,"column":92}},"type":"binary-expr","locations":[{"start":{"line":26,"column":20},"end":{"line":26,"column":83}},{"start":{"line":26,"column":87},"end":{"line":26,"column":92}}],"line":26},"1":{"loc":{"start":{"line":27,"column":28},"end":{"line":27,"column":103}},"type":"binary-expr","locations":[{"start":{"line":27,"column":28},"end":{"line":27,"column":94}},{"start":{"line":27,"column":98},"end":{"line":27,"column":103}}],"line":27},"2":{"loc":{"start":{"line":28,"column":29},"end":{"line":28,"column":103}},"type":"binary-expr","locations":[{"start":{"line":28,"column":29},"end":{"line":28,"column":94}},{"start":{"line":28,"column":98},"end":{"line":28,"column":103}}],"line":28},"3":{"loc":{"start":{"line":29,"column":25},"end":{"line":29,"column":62}},"type":"binary-expr","locations":[{"start":{"line":29,"column":25},"end":{"line":29,"column":53}},{"start":{"line":29,"column":57},"end":{"line":29,"column":62}}],"line":29}},"s":{"0":2,"1":1,"2":0,"3":0,"4":0,"5":0,"6":0,"7":0,"8":0,"9":0,"10":0,"11":0,"12":0,"13":0,"14":0,"15":0,"16":0,"17":0,"18":0,"19":0,"20":2},"f":{"0":1,"1":0,"2":0},"b":{"0":[0,0],"1":[0,0],"2":[0,0],"3":[0,0]},"_coverageSchema":"1a1c01bbd47fc00a2c39e90264f33305004495a9","hash":"4083ed29a680be7cad20ca199100307779d57377"}
,"/Users/sanket/projects/personal/job-hunt/src/services/pdfParser.js": {"path":"/Users/sanket/projects/personal/job-hunt/src/services/pdfParser.js","statementMap":{"0":{"start":{"line":1,"column":17},"end":{"line":1,"column":37}},"1":{"start":{"line":2,"column":31},"end":{"line":2,"column":63}},"2":{"start":{"line":3,"column":24},"end":{"line":3,"column":59}},"3":{"start":{"line":4,"column":0},"end":{"line":4,"column":27}},"4":{"start":{"line":6,"column":14},"end":{"line":6,"column":64}},"5":{"start":{"line":8,"column":14},"end":{"line":21,"column":1}},"6":{"start":{"line":9,"column":2},"end":{"line":20,"column":3}},"7":{"start":{"line":11,"column":19},"end":{"line":11,"column":44}},"8":{"start":{"line":12,"column":17},"end":{"line":12,"column":28}},"9":{"start":{"line":15,"column":21},"end":{"line":15,"column":46}},"10":{"start":{"line":16,"column":4},"end":{"line":16,"column":20}},"11":{"start":{"line":18,"column":4},"end":{"line":18,"column":47}},"12":{"start":{"line":19,"column":4},"end":{"line":19,"column":43}},"13":{"start":{"line":23,"column":0},"end":{"line":23,"column":27}},"14":{"start":{"line":26,"column":16},"end":{"line":26,"column":71}},"15":{"start":{"line":27,"column":17},"end":{"line":36,"column":1}},"16":{"start":{"line":38,"column":19},"end":{"line":38,"column":54}},"17":{"start":{"line":39,"column":19},"end":{"line":39,"column":43}},"18":{"start":{"line":40,"column":21},"end":{"line":40,"column":46}},"19":{"start":{"line":41,"column":2},"end":{"line":41,"column":20}}},"fnMap":{"0":{"name":"(anonymous_0)","decl":{"start":{"line":8,"column":14},"end":{"line":8,"column":15}},"loc":{"start":{"line":8,"column":35},"end":{"line":21,"column":1}},"line":8},"1":{"name":"extractSkills","decl":{"start":{"line":25,"column":15},"end":{"line":25,"column":28}},"loc":{"start":{"line":25,"column":35},"end":{"line":42,"column":1}},"line":25}},"branchMap":{},"s":{"0":2,"1":2,"2":2,"3":2,"4":2,"5":2,"6":1,"7":1,"8":1,"9":1,"10":1,"11":0,"12":0,"13":2,"14":1,"15":1,"16":1,"17":1,"18":1,"19":1},"f":{"0":1,"1":1},"b":{},"_coverageSchema":"1a1c01bbd47fc00a2c39e90264f33305004495a9","hash":"1007f2d6461361a8020954be79c7b8b7b17ea940"}
,"/Users/sanket/projects/personal/job-hunt/src/utils/cleanJsonString.js": {"path":"/Users/sanket/projects/personal/job-hunt/src/utils/cleanJsonString.js","statementMap":{"0":{"start":{"line":1,"column":24},"end":{"line":12,"column":1}},"1":{"start":{"line":2,"column":4},"end":{"line":11,"column":5}},"2":{"start":{"line":4,"column":30},"end":{"line":4,"column":77}},"3":{"start":{"line":7,"column":8},"end":{"line":7,"column":41}},"4":{"start":{"line":9,"column":8},"end":{"line":9,"column":52}},"5":{"start":{"line":10,"column":8},"end":{"line":10,"column":20}},"6":{"start":{"line":14,"column":0},"end":{"line":14,"column":33}}},"fnMap":{"0":{"name":"(anonymous_0)","decl":{"start":{"line":1,"column":24},"end":{"line":1,"column":25}},"loc":{"start":{"line":1,"column":40},"end":{"line":12,"column":1}},"line":1}},"branchMap":{},"s":{"0":3,"1":2,"2":2,"3":2,"4":0,"5":0,"6":3},"f":{"0":2},"b":{},"_coverageSchema":"1a1c01bbd47fc00a2c39e90264f33305004495a9","hash":"0d17f5e67350bc20d9884580c86c8ffe64f8523d"}
}
