TN:
SF:src/app.js
FN:7,(anonymous_0)
FNF:1
FNH:1
FNDA:1,(anonymous_0)
DA:1,1
DA:2,1
DA:3,1
DA:5,1
DA:7,1
DA:8,1
DA:9,1
DA:10,1
DA:15,1
DA:18,1
DA:19,1
DA:21,1
LF:12
LH:12
BRF:0
BRH:0
end_of_record
TN:
SF:src/controllers/uploadController.js
FN:4,(anonymous_0)
FNF:1
FNH:0
FNDA:0,(anonymous_0)
DA:1,1
DA:2,1
DA:4,1
DA:5,0
DA:6,0
DA:7,0
DA:11,0
DA:14,0
DA:17,0
DA:19,0
DA:26,0
DA:27,0
DA:31,1
LF:13
LH:4
BRDA:6,0,0,0
BRDA:6,0,1,0
BRDA:14,1,0,0
BRDA:14,1,1,0
BRF:4
BRH:0
end_of_record
TN:
SF:src/routes/uploadRoutes.js
FNF:0
FNH:0
DA:1,1
DA:2,1
DA:3,1
DA:6,1
DA:9,1
DA:10,1
DA:13,1
DA:15,1
LF:8
LH:8
BRF:0
BRH:0
end_of_record
TN:
SF:src/services/jobScrape.js
FN:3,scrapeJobs
FN:21,(anonymous_1)
FN:25,(anonymous_2)
FNF:3
FNH:1
FNDA:1,scrapeJobs
FNDA:0,(anonymous_1)
FNDA:0,(anonymous_2)
DA:1,2
DA:5,1
DA:8,0
DA:11,0
DA:13,0
DA:14,0
DA:17,0
DA:21,0
DA:22,0
DA:23,0
DA:25,0
DA:26,0
DA:27,0
DA:28,0
DA:29,0
DA:30,0
DA:32,0
DA:35,0
DA:36,0
DA:37,0
DA:41,2
LF:21
LH:3
BRDA:26,0,0,0
BRDA:26,0,1,0
BRDA:27,1,0,0
BRDA:27,1,1,0
BRDA:28,2,0,0
BRDA:28,2,1,0
BRDA:29,3,0,0
BRDA:29,3,1,0
BRF:8
BRH:0
end_of_record
TN:
SF:src/services/pdfParser.js
FN:8,(anonymous_0)
FN:25,extractSkills
FNF:2
FNH:2
FNDA:1,(anonymous_0)
FNDA:1,extractSkills
DA:1,2
DA:2,2
DA:3,2
DA:4,2
DA:6,2
DA:8,2
DA:9,1
DA:11,1
DA:12,1
DA:15,1
DA:16,1
DA:18,0
DA:19,0
DA:23,2
DA:26,1
DA:27,1
DA:38,1
DA:39,1
DA:40,1
DA:41,1
LF:20
LH:18
BRF:0
BRH:0
end_of_record
TN:
SF:src/utils/cleanJsonString.js
FN:1,(anonymous_0)
FNF:1
FNH:1
FNDA:2,(anonymous_0)
DA:1,3
DA:2,2
DA:4,2
DA:7,2
DA:9,0
DA:10,0
DA:14,3
LF:7
LH:5
BRF:0
BRH:0
end_of_record
